<?xml version="1.0" encoding="UTF-8"?>
<coverage generated="1696335020678" clover="3.2.0">
  <project timestamp="1696335020678" name="All files">
    <metrics statements="79" coveredstatements="79" conditionals="92" coveredconditionals="86" methods="3" coveredmethods="3" elements="174" coveredelements="168" complexity="0" loc="79" ncloc="79" packages="1" files="1" classes="1"/>
    <file name="miniMaple.js" path="C:\Users\Acer\Desktop\Магистратура 1 курс\1 семестр\Кроссплатформенная разработка\Лабы\cp_lesson4-master\src\miniMaple.js">
      <metrics statements="79" coveredstatements="79" conditionals="92" coveredconditionals="86" methods="3" coveredmethods="3"/>
      <line num="3" count="33" type="stmt"/>
      <line num="4" count="33" type="stmt"/>
      <line num="42" count="31" type="cond" truecount="4" falsecount="0"/>
      <line num="43" count="3" type="stmt"/>
      <line num="44" count="28" type="cond" truecount="4" falsecount="0"/>
      <line num="45" count="3" type="stmt"/>
      <line num="46" count="25" type="stmt"/>
      <line num="47" count="25" type="stmt"/>
      <line num="48" count="25" type="stmt"/>
      <line num="49" count="58" type="stmt"/>
      <line num="50" count="58" type="stmt"/>
      <line num="51" count="58" type="cond" truecount="2" falsecount="0"/>
      <line num="52" count="12" type="stmt"/>
      <line num="53" count="58" type="stmt"/>
      <line num="54" count="58" type="cond" truecount="2" falsecount="0"/>
      <line num="55" count="14" type="cond" truecount="2" falsecount="0"/>
      <line num="56" count="1" type="stmt"/>
      <line num="58" count="44" type="cond" truecount="2" falsecount="0"/>
      <line num="59" count="1" type="stmt"/>
      <line num="60" count="43" type="cond" truecount="2" falsecount="0"/>
      <line num="61" count="41" type="cond" truecount="4" falsecount="0"/>
      <line num="62" count="16" type="cond" truecount="2" falsecount="0"/>
      <line num="63" count="1" type="stmt"/>
      <line num="65" count="15" type="cond" truecount="4" falsecount="0"/>
      <line num="66" count="3" type="stmt"/>
      <line num="67" count="15" type="cond" truecount="2" falsecount="2"/>
      <line num="68" count="15" type="cond" truecount="2" falsecount="0"/>
      <line num="69" count="7" type="stmt"/>
      <line num="71" count="8" type="cond" truecount="2" falsecount="0"/>
      <line num="74" count="25" type="cond" truecount="2" falsecount="0"/>
      <line num="75" count="9" type="cond" truecount="2" falsecount="0"/>
      <line num="76" count="1" type="stmt"/>
      <line num="77" count="8" type="cond" truecount="2" falsecount="0"/>
      <line num="78" count="5" type="cond" truecount="2" falsecount="0"/>
      <line num="79" count="1" type="stmt"/>
      <line num="80" count="4" type="stmt"/>
      <line num="83" count="3" type="cond" truecount="2" falsecount="0"/>
      <line num="84" count="1" type="stmt"/>
      <line num="85" count="2" type="stmt"/>
      <line num="88" count="16" type="cond" truecount="2" falsecount="0"/>
      <line num="89" count="8" type="cond" truecount="4" falsecount="0"/>
      <line num="90" count="4" type="cond" truecount="4" falsecount="0"/>
      <line num="91" count="1" type="stmt"/>
      <line num="92" count="4" type="cond" truecount="2" falsecount="2"/>
      <line num="93" count="4" type="cond" truecount="2" falsecount="0"/>
      <line num="94" count="2" type="stmt"/>
      <line num="96" count="2" type="cond" truecount="2" falsecount="0"/>
      <line num="98" count="4" type="cond" truecount="2" falsecount="0"/>
      <line num="100" count="3" type="cond" truecount="4" falsecount="0"/>
      <line num="101" count="1" type="stmt"/>
      <line num="102" count="3" type="cond" truecount="2" falsecount="2"/>
      <line num="103" count="3" type="cond" truecount="2" falsecount="0"/>
      <line num="104" count="1" type="stmt"/>
      <line num="106" count="2" type="cond" truecount="2" falsecount="0"/>
      <line num="108" count="1" type="stmt"/>
      <line num="111" count="8" type="cond" truecount="2" falsecount="0"/>
      <line num="113" count="4" type="cond" truecount="2" falsecount="0"/>
      <line num="114" count="3" type="stmt"/>
      <line num="116" count="1" type="stmt"/>
      <line num="118" count="4" type="cond" truecount="2" falsecount="0"/>
      <line num="120" count="3" type="cond" truecount="2" falsecount="0"/>
      <line num="121" count="2" type="stmt"/>
      <line num="123" count="1" type="stmt"/>
      <line num="125" count="1" type="stmt"/>
      <line num="129" count="19" type="cond" truecount="2" falsecount="0"/>
      <line num="130" count="2" type="stmt"/>
      <line num="131" count="17" type="stmt"/>
      <line num="136" count="26" type="stmt"/>
      <line num="137" count="26" type="stmt"/>
      <line num="138" count="26" type="cond" truecount="2" falsecount="0"/>
      <line num="139" count="19" type="stmt"/>
      <line num="140" count="26" type="stmt"/>
      <line num="141" count="26" type="stmt"/>
      <line num="142" count="63" type="cond" truecount="2" falsecount="0"/>
      <line num="144" count="3" type="stmt"/>
      <line num="145" count="3" type="stmt"/>
      <line num="146" count="3" type="stmt"/>
      <line num="147" count="3" type="stmt"/>
      <line num="150" count="26" type="stmt"/>
    </file>
  </project>
</coverage>
