{"C:\\Users\\Acer\\Desktop\\Магистратура 1 курс\\1 семестр\\Кроссплатформенная разработка\\Лабы\\cp_lesson4-master\\src\\miniMaple.js": {"path":"C:\\Users\\Acer\\Desktop\\Магистратура 1 курс\\1 семестр\\Кроссплатформенная разработка\\Лабы\\cp_lesson4-master\\src\\miniMaple.js","statementMap":{"0":{"start":{"line":3,"column":8},"end":{"line":3,"column":32}},"1":{"start":{"line":4,"column":8},"end":{"line":4,"column":44}},"2":{"start":{"line":42,"column":8},"end":{"line":43,"column":25}},"3":{"start":{"line":43,"column":12},"end":{"line":43,"column":25}},"4":{"start":{"line":44,"column":8},"end":{"line":45,"column":103}},"5":{"start":{"line":45,"column":12},"end":{"line":45,"column":103}},"6":{"start":{"line":46,"column":23},"end":{"line":46,"column":46}},"7":{"start":{"line":47,"column":18},"end":{"line":47,"column":20}},"8":{"start":{"line":48,"column":8},"end":{"line":128,"column":9}},"9":{"start":{"line":48,"column":21},"end":{"line":48,"column":22}},"10":{"start":{"line":49,"column":23},"end":{"line":49,"column":46}},"11":{"start":{"line":50,"column":22},"end":{"line":50,"column":114}},"12":{"start":{"line":51,"column":12},"end":{"line":52,"column":32}},"13":{"start":{"line":52,"column":16},"end":{"line":52,"column":32}},"14":{"start":{"line":53,"column":27},"end":{"line":53,"column":63}},"15":{"start":{"line":54,"column":12},"end":{"line":127,"column":13}},"16":{"start":{"line":55,"column":16},"end":{"line":56,"column":105}},"17":{"start":{"line":56,"column":24},"end":{"line":56,"column":105}},"18":{"start":{"line":58,"column":17},"end":{"line":127,"column":13}},"19":{"start":{"line":59,"column":16},"end":{"line":59,"column":85}},"20":{"start":{"line":60,"column":17},"end":{"line":127,"column":13}},"21":{"start":{"line":61,"column":16},"end":{"line":126,"column":17}},"22":{"start":{"line":62,"column":20},"end":{"line":72,"column":21}},"23":{"start":{"line":63,"column":24},"end":{"line":63,"column":140}},"24":{"start":{"line":65,"column":24},"end":{"line":66,"column":41}},"25":{"start":{"line":66,"column":28},"end":{"line":66,"column":41}},"26":{"start":{"line":67,"column":24},"end":{"line":67,"column":185}},"27":{"start":{"line":68,"column":24},"end":{"line":71,"column":138}},"28":{"start":{"line":69,"column":28},"end":{"line":69,"column":50}},"29":{"start":{"line":71,"column":28},"end":{"line":71,"column":138}},"30":{"start":{"line":74,"column":21},"end":{"line":126,"column":17}},"31":{"start":{"line":75,"column":20},"end":{"line":86,"column":21}},"32":{"start":{"line":76,"column":24},"end":{"line":76,"column":127}},"33":{"start":{"line":77,"column":25},"end":{"line":86,"column":21}},"34":{"start":{"line":78,"column":24},"end":{"line":80,"column":54}},"35":{"start":{"line":79,"column":28},"end":{"line":79,"column":46}},"36":{"start":{"line":80,"column":29},"end":{"line":80,"column":54}},"37":{"start":{"line":83,"column":24},"end":{"line":85,"column":69}},"38":{"start":{"line":84,"column":28},"end":{"line":84,"column":67}},"39":{"start":{"line":85,"column":29},"end":{"line":85,"column":69}},"40":{"start":{"line":88,"column":21},"end":{"line":126,"column":17}},"41":{"start":{"line":89,"column":20},"end":{"line":108,"column":123}},"42":{"start":{"line":90,"column":24},"end":{"line":91,"column":41}},"43":{"start":{"line":91,"column":28},"end":{"line":91,"column":41}},"44":{"start":{"line":92,"column":24},"end":{"line":92,"column":143}},"45":{"start":{"line":93,"column":24},"end":{"line":96,"column":138}},"46":{"start":{"line":94,"column":28},"end":{"line":94,"column":50}},"47":{"start":{"line":96,"column":28},"end":{"line":96,"column":138}},"48":{"start":{"line":98,"column":25},"end":{"line":108,"column":123}},"49":{"start":{"line":100,"column":24},"end":{"line":101,"column":41}},"50":{"start":{"line":101,"column":28},"end":{"line":101,"column":41}},"51":{"start":{"line":102,"column":24},"end":{"line":102,"column":134}},"52":{"start":{"line":103,"column":24},"end":{"line":106,"column":138}},"53":{"start":{"line":104,"column":28},"end":{"line":104,"column":50}},"54":{"start":{"line":106,"column":28},"end":{"line":106,"column":138}},"55":{"start":{"line":108,"column":25},"end":{"line":108,"column":123}},"56":{"start":{"line":111,"column":20},"end":{"line":125,"column":142}},"57":{"start":{"line":113,"column":24},"end":{"line":116,"column":40}},"58":{"start":{"line":114,"column":28},"end":{"line":114,"column":42}},"59":{"start":{"line":116,"column":28},"end":{"line":116,"column":40}},"60":{"start":{"line":118,"column":25},"end":{"line":125,"column":142}},"61":{"start":{"line":120,"column":24},"end":{"line":123,"column":41}},"62":{"start":{"line":121,"column":28},"end":{"line":121,"column":42}},"63":{"start":{"line":123,"column":28},"end":{"line":123,"column":41}},"64":{"start":{"line":125,"column":25},"end":{"line":125,"column":142}},"65":{"start":{"line":129,"column":8},"end":{"line":130,"column":23}},"66":{"start":{"line":130,"column":12},"end":{"line":130,"column":23}},"67":{"start":{"line":131,"column":8},"end":{"line":131,"column":26}},"68":{"start":{"line":136,"column":8},"end":{"line":136,"column":57}},"69":{"start":{"line":137,"column":8},"end":{"line":137,"column":59}},"70":{"start":{"line":138,"column":8},"end":{"line":139,"column":55}},"71":{"start":{"line":139,"column":12},"end":{"line":139,"column":55}},"72":{"start":{"line":140,"column":18},"end":{"line":140,"column":42}},"73":{"start":{"line":141,"column":8},"end":{"line":149,"column":9}},"74":{"start":{"line":141,"column":21},"end":{"line":141,"column":22}},"75":{"start":{"line":142,"column":12},"end":{"line":148,"column":13}},"76":{"start":{"line":144,"column":28},"end":{"line":144,"column":34}},"77":{"start":{"line":145,"column":29},"end":{"line":145,"column":37}},"78":{"start":{"line":146,"column":16},"end":{"line":146,"column":34}},"79":{"start":{"line":147,"column":16},"end":{"line":147,"column":45}},"80":{"start":{"line":150,"column":8},"end":{"line":150,"column":19}}},"fnMap":{"0":{"name":"(anonymous_0)","decl":{"start":{"line":2,"column":4},"end":{"line":2,"column":5}},"loc":{"start":{"line":2,"column":38},"end":{"line":5,"column":5}},"line":2},"1":{"name":"(anonymous_1)","decl":{"start":{"line":6,"column":4},"end":{"line":6,"column":5}},"loc":{"start":{"line":6,"column":10},"end":{"line":132,"column":5}},"line":6},"2":{"name":"(anonymous_2)","decl":{"start":{"line":135,"column":4},"end":{"line":135,"column":5}},"loc":{"start":{"line":135,"column":22},"end":{"line":151,"column":5}},"line":135}},"branchMap":{"0":{"loc":{"start":{"line":42,"column":8},"end":{"line":43,"column":25}},"type":"if","locations":[{"start":{"line":42,"column":8},"end":{"line":43,"column":25}},{"start":{},"end":{}}],"line":42},"1":{"loc":{"start":{"line":42,"column":11},"end":{"line":42,"column":85}},"type":"binary-expr","locations":[{"start":{"line":42,"column":11},"end":{"line":42,"column":37}},{"start":{"line":42,"column":41},"end":{"line":42,"column":85}}],"line":42},"2":{"loc":{"start":{"line":44,"column":8},"end":{"line":45,"column":103}},"type":"if","locations":[{"start":{"line":44,"column":8},"end":{"line":45,"column":103}},{"start":{},"end":{}}],"line":44},"3":{"loc":{"start":{"line":44,"column":12},"end":{"line":44,"column":98}},"type":"binary-expr","locations":[{"start":{"line":44,"column":12},"end":{"line":44,"column":44}},{"start":{"line":44,"column":48},"end":{"line":44,"column":98}}],"line":44},"4":{"loc":{"start":{"line":51,"column":12},"end":{"line":52,"column":32}},"type":"if","locations":[{"start":{"line":51,"column":12},"end":{"line":52,"column":32}},{"start":{},"end":{}}],"line":51},"5":{"loc":{"start":{"line":54,"column":12},"end":{"line":127,"column":13}},"type":"if","locations":[{"start":{"line":54,"column":12},"end":{"line":127,"column":13}},{"start":{"line":58,"column":17},"end":{"line":127,"column":13}}],"line":54},"6":{"loc":{"start":{"line":55,"column":16},"end":{"line":56,"column":105}},"type":"if","locations":[{"start":{"line":55,"column":16},"end":{"line":56,"column":105}},{"start":{},"end":{}}],"line":55},"7":{"loc":{"start":{"line":58,"column":17},"end":{"line":127,"column":13}},"type":"if","locations":[{"start":{"line":58,"column":17},"end":{"line":127,"column":13}},{"start":{"line":60,"column":17},"end":{"line":127,"column":13}}],"line":58},"8":{"loc":{"start":{"line":60,"column":17},"end":{"line":127,"column":13}},"type":"if","locations":[{"start":{"line":60,"column":17},"end":{"line":127,"column":13}},{"start":{},"end":{}}],"line":60},"9":{"loc":{"start":{"line":61,"column":16},"end":{"line":126,"column":17}},"type":"if","locations":[{"start":{"line":61,"column":16},"end":{"line":126,"column":17}},{"start":{"line":74,"column":21},"end":{"line":126,"column":17}}],"line":61},"10":{"loc":{"start":{"line":61,"column":19},"end":{"line":61,"column":46}},"type":"binary-expr","locations":[{"start":{"line":61,"column":19},"end":{"line":61,"column":31}},{"start":{"line":61,"column":35},"end":{"line":61,"column":46}}],"line":61},"11":{"loc":{"start":{"line":62,"column":20},"end":{"line":72,"column":21}},"type":"if","locations":[{"start":{"line":62,"column":20},"end":{"line":72,"column":21}},{"start":{"line":64,"column":24},"end":{"line":72,"column":21}}],"line":62},"12":{"loc":{"start":{"line":65,"column":24},"end":{"line":66,"column":41}},"type":"if","locations":[{"start":{"line":65,"column":24},"end":{"line":66,"column":41}},{"start":{},"end":{}}],"line":65},"13":{"loc":{"start":{"line":65,"column":28},"end":{"line":65,"column":77}},"type":"binary-expr","locations":[{"start":{"line":65,"column":28},"end":{"line":65,"column":37}},{"start":{"line":65,"column":41},"end":{"line":65,"column":77}}],"line":65},"14":{"loc":{"start":{"line":67,"column":31},"end":{"line":67,"column":184}},"type":"cond-expr","locations":[{"start":{"line":67,"column":88},"end":{"line":67,"column":90}},{"start":{"line":67,"column":93},"end":{"line":67,"column":184}}],"line":67},"15":{"loc":{"start":{"line":67,"column":96},"end":{"line":67,"column":182}},"type":"cond-expr","locations":[{"start":{"line":67,"column":137},"end":{"line":67,"column":141}},{"start":{"line":67,"column":144},"end":{"line":67,"column":182}}],"line":67},"16":{"loc":{"start":{"line":68,"column":24},"end":{"line":71,"column":138}},"type":"if","locations":[{"start":{"line":68,"column":24},"end":{"line":71,"column":138}},{"start":{"line":71,"column":28},"end":{"line":71,"column":138}}],"line":68},"17":{"loc":{"start":{"line":71,"column":55},"end":{"line":71,"column":135}},"type":"cond-expr","locations":[{"start":{"line":71,"column":81},"end":{"line":71,"column":100}},{"start":{"line":71,"column":103},"end":{"line":71,"column":135}}],"line":71},"18":{"loc":{"start":{"line":74,"column":21},"end":{"line":126,"column":17}},"type":"if","locations":[{"start":{"line":74,"column":21},"end":{"line":126,"column":17}},{"start":{"line":88,"column":21},"end":{"line":126,"column":17}}],"line":74},"19":{"loc":{"start":{"line":75,"column":20},"end":{"line":86,"column":21}},"type":"if","locations":[{"start":{"line":75,"column":20},"end":{"line":86,"column":21}},{"start":{"line":77,"column":25},"end":{"line":86,"column":21}}],"line":75},"20":{"loc":{"start":{"line":77,"column":25},"end":{"line":86,"column":21}},"type":"if","locations":[{"start":{"line":77,"column":25},"end":{"line":86,"column":21}},{"start":{"line":82,"column":24},"end":{"line":86,"column":21}}],"line":77},"21":{"loc":{"start":{"line":78,"column":24},"end":{"line":80,"column":54}},"type":"if","locations":[{"start":{"line":78,"column":24},"end":{"line":80,"column":54}},{"start":{"line":80,"column":29},"end":{"line":80,"column":54}}],"line":78},"22":{"loc":{"start":{"line":83,"column":24},"end":{"line":85,"column":69}},"type":"if","locations":[{"start":{"line":83,"column":24},"end":{"line":85,"column":69}},{"start":{"line":85,"column":29},"end":{"line":85,"column":69}}],"line":83},"23":{"loc":{"start":{"line":88,"column":21},"end":{"line":126,"column":17}},"type":"if","locations":[{"start":{"line":88,"column":21},"end":{"line":126,"column":17}},{"start":{"line":110,"column":20},"end":{"line":126,"column":17}}],"line":88},"24":{"loc":{"start":{"line":89,"column":20},"end":{"line":108,"column":123}},"type":"if","locations":[{"start":{"line":89,"column":20},"end":{"line":108,"column":123}},{"start":{"line":98,"column":25},"end":{"line":108,"column":123}}],"line":89},"25":{"loc":{"start":{"line":89,"column":23},"end":{"line":89,"column":89}},"type":"binary-expr","locations":[{"start":{"line":89,"column":23},"end":{"line":89,"column":44}},{"start":{"line":89,"column":48},"end":{"line":89,"column":89}}],"line":89},"26":{"loc":{"start":{"line":90,"column":24},"end":{"line":91,"column":41}},"type":"if","locations":[{"start":{"line":90,"column":24},"end":{"line":91,"column":41}},{"start":{},"end":{}}],"line":90},"27":{"loc":{"start":{"line":90,"column":28},"end":{"line":90,"column":60}},"type":"binary-expr","locations":[{"start":{"line":90,"column":28},"end":{"line":90,"column":37}},{"start":{"line":90,"column":41},"end":{"line":90,"column":60}}],"line":90},"28":{"loc":{"start":{"line":92,"column":31},"end":{"line":92,"column":142}},"type":"cond-expr","locations":[{"start":{"line":92,"column":74},"end":{"line":92,"column":76}},{"start":{"line":92,"column":79},"end":{"line":92,"column":142}}],"line":92},"29":{"loc":{"start":{"line":92,"column":82},"end":{"line":92,"column":140}},"type":"cond-expr","locations":[{"start":{"line":92,"column":109},"end":{"line":92,"column":113}},{"start":{"line":92,"column":116},"end":{"line":92,"column":140}}],"line":92},"30":{"loc":{"start":{"line":93,"column":24},"end":{"line":96,"column":138}},"type":"if","locations":[{"start":{"line":93,"column":24},"end":{"line":96,"column":138}},{"start":{"line":96,"column":28},"end":{"line":96,"column":138}}],"line":93},"31":{"loc":{"start":{"line":96,"column":55},"end":{"line":96,"column":135}},"type":"cond-expr","locations":[{"start":{"line":96,"column":81},"end":{"line":96,"column":100}},{"start":{"line":96,"column":103},"end":{"line":96,"column":135}}],"line":96},"32":{"loc":{"start":{"line":98,"column":25},"end":{"line":108,"column":123}},"type":"if","locations":[{"start":{"line":98,"column":25},"end":{"line":108,"column":123}},{"start":{"line":108,"column":25},"end":{"line":108,"column":123}}],"line":98},"33":{"loc":{"start":{"line":100,"column":24},"end":{"line":101,"column":41}},"type":"if","locations":[{"start":{"line":100,"column":24},"end":{"line":101,"column":41}},{"start":{},"end":{}}],"line":100},"34":{"loc":{"start":{"line":100,"column":28},"end":{"line":100,"column":60}},"type":"binary-expr","locations":[{"start":{"line":100,"column":28},"end":{"line":100,"column":37}},{"start":{"line":100,"column":41},"end":{"line":100,"column":60}}],"line":100},"35":{"loc":{"start":{"line":102,"column":31},"end":{"line":102,"column":133}},"type":"cond-expr","locations":[{"start":{"line":102,"column":71},"end":{"line":102,"column":73}},{"start":{"line":102,"column":76},"end":{"line":102,"column":133}}],"line":102},"36":{"loc":{"start":{"line":102,"column":79},"end":{"line":102,"column":131}},"type":"cond-expr","locations":[{"start":{"line":102,"column":103},"end":{"line":102,"column":107}},{"start":{"line":102,"column":110},"end":{"line":102,"column":131}}],"line":102},"37":{"loc":{"start":{"line":103,"column":24},"end":{"line":106,"column":138}},"type":"if","locations":[{"start":{"line":103,"column":24},"end":{"line":106,"column":138}},{"start":{"line":106,"column":28},"end":{"line":106,"column":138}}],"line":103},"38":{"loc":{"start":{"line":106,"column":55},"end":{"line":106,"column":135}},"type":"cond-expr","locations":[{"start":{"line":106,"column":81},"end":{"line":106,"column":100}},{"start":{"line":106,"column":103},"end":{"line":106,"column":135}}],"line":106},"39":{"loc":{"start":{"line":111,"column":20},"end":{"line":125,"column":142}},"type":"if","locations":[{"start":{"line":111,"column":20},"end":{"line":125,"column":142}},{"start":{"line":118,"column":25},"end":{"line":125,"column":142}}],"line":111},"40":{"loc":{"start":{"line":113,"column":24},"end":{"line":116,"column":40}},"type":"if","locations":[{"start":{"line":113,"column":24},"end":{"line":116,"column":40}},{"start":{"line":116,"column":28},"end":{"line":116,"column":40}}],"line":113},"41":{"loc":{"start":{"line":118,"column":25},"end":{"line":125,"column":142}},"type":"if","locations":[{"start":{"line":118,"column":25},"end":{"line":125,"column":142}},{"start":{"line":125,"column":25},"end":{"line":125,"column":142}}],"line":118},"42":{"loc":{"start":{"line":120,"column":24},"end":{"line":123,"column":41}},"type":"if","locations":[{"start":{"line":120,"column":24},"end":{"line":123,"column":41}},{"start":{"line":123,"column":28},"end":{"line":123,"column":41}}],"line":120},"43":{"loc":{"start":{"line":129,"column":8},"end":{"line":130,"column":23}},"type":"if","locations":[{"start":{"line":129,"column":8},"end":{"line":130,"column":23}},{"start":{},"end":{}}],"line":129},"44":{"loc":{"start":{"line":138,"column":8},"end":{"line":139,"column":55}},"type":"if","locations":[{"start":{"line":138,"column":8},"end":{"line":139,"column":55}},{"start":{},"end":{}}],"line":138},"45":{"loc":{"start":{"line":142,"column":12},"end":{"line":148,"column":13}},"type":"if","locations":[{"start":{"line":142,"column":12},"end":{"line":148,"column":13}},{"start":{},"end":{}}],"line":142}},"s":{"0":33,"1":33,"2":31,"3":3,"4":28,"5":3,"6":25,"7":25,"8":25,"9":25,"10":58,"11":58,"12":58,"13":12,"14":58,"15":58,"16":14,"17":1,"18":44,"19":1,"20":43,"21":41,"22":16,"23":1,"24":15,"25":3,"26":15,"27":15,"28":7,"29":8,"30":25,"31":9,"32":1,"33":8,"34":5,"35":1,"36":4,"37":3,"38":1,"39":2,"40":16,"41":8,"42":4,"43":1,"44":4,"45":4,"46":2,"47":2,"48":4,"49":3,"50":1,"51":3,"52":3,"53":1,"54":2,"55":1,"56":8,"57":4,"58":3,"59":1,"60":4,"61":3,"62":2,"63":1,"64":1,"65":19,"66":2,"67":17,"68":26,"69":26,"70":26,"71":19,"72":26,"73":26,"74":26,"75":63,"76":3,"77":3,"78":3,"79":3,"80":26},"f":{"0":33,"1":31,"2":26},"b":{"0":[3,28],"1":[31,30],"2":[3,25],"3":[28,27],"4":[12,46],"5":[14,44],"6":[1,13],"7":[1,43],"8":[41,2],"9":[16,25],"10":[41,25],"11":[1,15],"12":[3,12],"13":[15,4],"14":[0,15],"15":[0,15],"16":[7,8],"17":[7,1],"18":[9,16],"19":[1,8],"20":[5,3],"21":[1,4],"22":[1,2],"23":[8,8],"24":[4,4],"25":[8,4],"26":[1,3],"27":[4,1],"28":[0,4],"29":[0,4],"30":[2,2],"31":[1,1],"32":[3,1],"33":[1,2],"34":[3,2],"35":[0,3],"36":[0,3],"37":[1,2],"38":[1,1],"39":[4,4],"40":[3,1],"41":[3,1],"42":[2,1],"43":[2,17],"44":[19,7],"45":[3,60]},"_coverageSchema":"1a1c01bbd47fc00a2c39e90264f33305004495a9","hash":"7993df015cee99fd50bfbd40ea80936ace324390"}
}
