TN:
SF:src\miniMaple.js
FN:2,(anonymous_0)
FN:6,(anonymous_1)
FN:135,(anonymous_2)
FNF:3
FNH:3
FNDA:33,(anonymous_0)
FNDA:31,(anonymous_1)
FNDA:26,(anonymous_2)
DA:3,33
DA:4,33
DA:42,31
DA:43,3
DA:44,28
DA:45,3
DA:46,25
DA:47,25
DA:48,25
DA:49,58
DA:50,58
DA:51,58
DA:52,12
DA:53,58
DA:54,58
DA:55,14
DA:56,1
DA:58,44
DA:59,1
DA:60,43
DA:61,41
DA:62,16
DA:63,1
DA:65,15
DA:66,3
DA:67,15
DA:68,15
DA:69,7
DA:71,8
DA:74,25
DA:75,9
DA:76,1
DA:77,8
DA:78,5
DA:79,1
DA:80,4
DA:83,3
DA:84,1
DA:85,2
DA:88,16
DA:89,8
DA:90,4
DA:91,1
DA:92,4
DA:93,4
DA:94,2
DA:96,2
DA:98,4
DA:100,3
DA:101,1
DA:102,3
DA:103,3
DA:104,1
DA:106,2
DA:108,1
DA:111,8
DA:113,4
DA:114,3
DA:116,1
DA:118,4
DA:120,3
DA:121,2
DA:123,1
DA:125,1
DA:129,19
DA:130,2
DA:131,17
DA:136,26
DA:137,26
DA:138,26
DA:139,19
DA:140,26
DA:141,26
DA:142,63
DA:144,3
DA:145,3
DA:146,3
DA:147,3
DA:150,26
LF:79
LH:79
BRDA:42,0,0,3
BRDA:42,0,1,28
BRDA:42,1,0,31
BRDA:42,1,1,30
BRDA:44,2,0,3
BRDA:44,2,1,25
BRDA:44,3,0,28
BRDA:44,3,1,27
BRDA:51,4,0,12
BRDA:51,4,1,46
BRDA:54,5,0,14
BRDA:54,5,1,44
BRDA:55,6,0,1
BRDA:55,6,1,13
BRDA:58,7,0,1
BRDA:58,7,1,43
BRDA:60,8,0,41
BRDA:60,8,1,2
BRDA:61,9,0,16
BRDA:61,9,1,25
BRDA:61,10,0,41
BRDA:61,10,1,25
BRDA:62,11,0,1
BRDA:62,11,1,15
BRDA:65,12,0,3
BRDA:65,12,1,12
BRDA:65,13,0,15
BRDA:65,13,1,4
BRDA:67,14,0,0
BRDA:67,14,1,15
BRDA:67,15,0,0
BRDA:67,15,1,15
BRDA:68,16,0,7
BRDA:68,16,1,8
BRDA:71,17,0,7
BRDA:71,17,1,1
BRDA:74,18,0,9
BRDA:74,18,1,16
BRDA:75,19,0,1
BRDA:75,19,1,8
BRDA:77,20,0,5
BRDA:77,20,1,3
BRDA:78,21,0,1
BRDA:78,21,1,4
BRDA:83,22,0,1
BRDA:83,22,1,2
BRDA:88,23,0,8
BRDA:88,23,1,8
BRDA:89,24,0,4
BRDA:89,24,1,4
BRDA:89,25,0,8
BRDA:89,25,1,4
BRDA:90,26,0,1
BRDA:90,26,1,3
BRDA:90,27,0,4
BRDA:90,27,1,1
BRDA:92,28,0,0
BRDA:92,28,1,4
BRDA:92,29,0,0
BRDA:92,29,1,4
BRDA:93,30,0,2
BRDA:93,30,1,2
BRDA:96,31,0,1
BRDA:96,31,1,1
BRDA:98,32,0,3
BRDA:98,32,1,1
BRDA:100,33,0,1
BRDA:100,33,1,2
BRDA:100,34,0,3
BRDA:100,34,1,2
BRDA:102,35,0,0
BRDA:102,35,1,3
BRDA:102,36,0,0
BRDA:102,36,1,3
BRDA:103,37,0,1
BRDA:103,37,1,2
BRDA:106,38,0,1
BRDA:106,38,1,1
BRDA:111,39,0,4
BRDA:111,39,1,4
BRDA:113,40,0,3
BRDA:113,40,1,1
BRDA:118,41,0,3
BRDA:118,41,1,1
BRDA:120,42,0,2
BRDA:120,42,1,1
BRDA:129,43,0,2
BRDA:129,43,1,17
BRDA:138,44,0,19
BRDA:138,44,1,7
BRDA:142,45,0,3
BRDA:142,45,1,60
BRF:92
BRH:86
end_of_record
